[32m2025-02-18 00:02:19 +0700[0m - dagster - [34mDEBUG[0m - materialize_dbt_models - 676278b4-669c-4a73-ab38-e8443717625f - 123187 - LOGS_CAPTURED - Started capturing logs in process (pid: 123187).
[32m2025-02-18 00:02:19 +0700[0m - dagster - [34mDEBUG[0m - materialize_dbt_models - 676278b4-669c-4a73-ab38-e8443717625f - 123187 - dbt_dagster_project_dbt_assets - STEP_START - Started execution of step "dbt_dagster_project_dbt_assets".
[32m2025-02-18 00:02:19 +0700[0m - dagster - [34mINFO[0m - materialize_dbt_models - 676278b4-669c-4a73-ab38-e8443717625f - dbt_dagster_project_dbt_assets - A dbt subsetted execution is not being performed. Using the default dbt selection arguments `['--select', 'fqn:*']`.
INFO:dagster.builtin:materialize_dbt_models - 676278b4-669c-4a73-ab38-e8443717625f - dbt_dagster_project_dbt_assets - A dbt subsetted execution is not being performed. Using the default dbt selection arguments `['--select', 'fqn:*']`.
[32m2025-02-18 00:02:20 +0700[0m - dagster - [34mINFO[0m - materialize_dbt_models - 676278b4-669c-4a73-ab38-e8443717625f - dbt_dagster_project_dbt_assets - Copying `/home/tranha/myvenv/dbt_dagster_project/target/partial_parse.msgpack` to `/home/tranha/myvenv/dbt_dagster_project/target/dbt_dagster_project_dbt_assets-676278b-4cd84ef/partial_parse.msgpack` to take advantage of partial parsing.
INFO:dagster.builtin:materialize_dbt_models - 676278b4-669c-4a73-ab38-e8443717625f - dbt_dagster_project_dbt_assets - Copying `/home/tranha/myvenv/dbt_dagster_project/target/partial_parse.msgpack` to `/home/tranha/myvenv/dbt_dagster_project/target/dbt_dagster_project_dbt_assets-676278b-4cd84ef/partial_parse.msgpack` to take advantage of partial parsing.
[32m2025-02-18 00:02:20 +0700[0m - dagster - [34mINFO[0m - materialize_dbt_models - 676278b4-669c-4a73-ab38-e8443717625f - dbt_dagster_project_dbt_assets - Running dbt command: `dbt build --select fqn:*`.
INFO:dagster.builtin:materialize_dbt_models - 676278b4-669c-4a73-ab38-e8443717625f - dbt_dagster_project_dbt_assets - Running dbt command: `dbt build --select fqn:*`.
[32m2025-02-18 00:02:24 +0700[0m - dagster - [34mDEBUG[0m - materialize_dbt_models - 676278b4-669c-4a73-ab38-e8443717625f - 123187 - dbt_dagster_project_dbt_assets - STEP_OUTPUT - Yielded output "aqi_data" of type "Nothing". (Type check passed).
[32m2025-02-18 00:02:24 +0700[0m - dagster - [34mDEBUG[0m - materialize_dbt_models - 676278b4-669c-4a73-ab38-e8443717625f - 123187 - dbt_dagster_project_dbt_assets - ASSET_MATERIALIZATION - Materialized value aqi_data.
[32m2025-02-18 00:02:24 +0700[0m - dagster - [34mDEBUG[0m - materialize_dbt_models - 676278b4-669c-4a73-ab38-e8443717625f - 123187 - dbt_dagster_project_dbt_assets - STEP_OUTPUT - Yielded output "weather_data" of type "Nothing". (Type check passed).
[32m2025-02-18 00:02:24 +0700[0m - dagster - [34mDEBUG[0m - materialize_dbt_models - 676278b4-669c-4a73-ab38-e8443717625f - 123187 - dbt_dagster_project_dbt_assets - ASSET_MATERIALIZATION - Materialized value weather_data.
[32m2025-02-18 00:02:24 +0700[0m - dagster - [34mDEBUG[0m - materialize_dbt_models - 676278b4-669c-4a73-ab38-e8443717625f - 123187 - dbt_dagster_project_dbt_assets - STEP_OUTPUT - Yielded output "bad_aqi_locations" of type "Nothing". (Type check passed).
[32m2025-02-18 00:02:25 +0700[0m - dagster - [34mDEBUG[0m - materialize_dbt_models - 676278b4-669c-4a73-ab38-e8443717625f - 123187 - dbt_dagster_project_dbt_assets - ASSET_MATERIALIZATION - Materialized value bad_aqi_locations.
[32m2025-02-18 00:02:25 +0700[0m - dagster - [34mDEBUG[0m - materialize_dbt_models - 676278b4-669c-4a73-ab38-e8443717625f - 123187 - dbt_dagster_project_dbt_assets - STEP_OUTPUT - Yielded output "aqi_daily_avg" of type "Nothing". (Type check passed).
[32m2025-02-18 00:02:25 +0700[0m - dagster - [34mDEBUG[0m - materialize_dbt_models - 676278b4-669c-4a73-ab38-e8443717625f - 123187 - dbt_dagster_project_dbt_assets - ASSET_MATERIALIZATION - Materialized value aqi_daily_avg.
[32m2025-02-18 00:02:25 +0700[0m - dagster - [34mDEBUG[0m - materialize_dbt_models - 676278b4-669c-4a73-ab38-e8443717625f - 123187 - dbt_dagster_project_dbt_assets - STEP_OUTPUT - Yielded output "weather_aqi_relation" of type "Nothing". (Type check passed).
[32m2025-02-18 00:02:25 +0700[0m - dagster - [34mDEBUG[0m - materialize_dbt_models - 676278b4-669c-4a73-ab38-e8443717625f - 123187 - dbt_dagster_project_dbt_assets - ASSET_MATERIALIZATION - Materialized value weather_aqi_relation.
[32m2025-02-18 00:02:25 +0700[0m - dagster - [34mDEBUG[0m - materialize_dbt_models - 676278b4-669c-4a73-ab38-e8443717625f - 123187 - dbt_dagster_project_dbt_assets - STEP_OUTPUT - Yielded output "weather_aqi_summary" of type "Nothing". (Type check passed).
[32m2025-02-18 00:02:25 +0700[0m - dagster - [34mDEBUG[0m - materialize_dbt_models - 676278b4-669c-4a73-ab38-e8443717625f - 123187 - dbt_dagster_project_dbt_assets - ASSET_MATERIALIZATION - Materialized value weather_aqi_summary.
[32m2025-02-18 00:02:25 +0700[0m - dagster - [34mINFO[0m - materialize_dbt_models - 676278b4-669c-4a73-ab38-e8443717625f - dbt_dagster_project_dbt_assets - Finished dbt command: `dbt build --select fqn:*`.
INFO:dagster.builtin:materialize_dbt_models - 676278b4-669c-4a73-ab38-e8443717625f - dbt_dagster_project_dbt_assets - Finished dbt command: `dbt build --select fqn:*`.
[32m2025-02-18 00:02:25 +0700[0m - dagster - [34mDEBUG[0m - materialize_dbt_models - 676278b4-669c-4a73-ab38-e8443717625f - 123187 - dbt_dagster_project_dbt_assets - STEP_SUCCESS - Finished execution of step "dbt_dagster_project_dbt_assets" in 6.03s.
