[32m2025-02-18 00:01:22 +0700[0m - dagster - [34mDEBUG[0m - materialize_dbt_models - 9b962ad5-9c33-4ac6-8079-2eed91d467b7 - 120377 - LOGS_CAPTURED - Started capturing logs in process (pid: 120377).
[32m2025-02-18 00:01:22 +0700[0m - dagster - [34mDEBUG[0m - materialize_dbt_models - 9b962ad5-9c33-4ac6-8079-2eed91d467b7 - 120377 - dbt_dagster_project_dbt_assets - STEP_START - Started execution of step "dbt_dagster_project_dbt_assets".
[32m2025-02-18 00:01:22 +0700[0m - dagster - [34mINFO[0m - materialize_dbt_models - 9b962ad5-9c33-4ac6-8079-2eed91d467b7 - dbt_dagster_project_dbt_assets - A dbt subsetted execution is not being performed. Using the default dbt selection arguments `['--select', 'fqn:*']`.
INFO:dagster.builtin:materialize_dbt_models - 9b962ad5-9c33-4ac6-8079-2eed91d467b7 - dbt_dagster_project_dbt_assets - A dbt subsetted execution is not being performed. Using the default dbt selection arguments `['--select', 'fqn:*']`.
[32m2025-02-18 00:01:22 +0700[0m - dagster - [34mINFO[0m - materialize_dbt_models - 9b962ad5-9c33-4ac6-8079-2eed91d467b7 - dbt_dagster_project_dbt_assets - Copying `/home/tranha/myvenv/dbt_dagster_project/target/partial_parse.msgpack` to `/home/tranha/myvenv/dbt_dagster_project/target/dbt_dagster_project_dbt_assets-9b962ad-2da2bea/partial_parse.msgpack` to take advantage of partial parsing.
INFO:dagster.builtin:materialize_dbt_models - 9b962ad5-9c33-4ac6-8079-2eed91d467b7 - dbt_dagster_project_dbt_assets - Copying `/home/tranha/myvenv/dbt_dagster_project/target/partial_parse.msgpack` to `/home/tranha/myvenv/dbt_dagster_project/target/dbt_dagster_project_dbt_assets-9b962ad-2da2bea/partial_parse.msgpack` to take advantage of partial parsing.
[32m2025-02-18 00:01:22 +0700[0m - dagster - [34mINFO[0m - materialize_dbt_models - 9b962ad5-9c33-4ac6-8079-2eed91d467b7 - dbt_dagster_project_dbt_assets - Running dbt command: `dbt build --select fqn:*`.
INFO:dagster.builtin:materialize_dbt_models - 9b962ad5-9c33-4ac6-8079-2eed91d467b7 - dbt_dagster_project_dbt_assets - Running dbt command: `dbt build --select fqn:*`.
[32m2025-02-18 00:01:26 +0700[0m - dagster - [34mDEBUG[0m - materialize_dbt_models - 9b962ad5-9c33-4ac6-8079-2eed91d467b7 - 120377 - dbt_dagster_project_dbt_assets - STEP_OUTPUT - Yielded output "aqi_data" of type "Nothing". (Type check passed).
[32m2025-02-18 00:01:27 +0700[0m - dagster - [34mDEBUG[0m - materialize_dbt_models - 9b962ad5-9c33-4ac6-8079-2eed91d467b7 - 120377 - dbt_dagster_project_dbt_assets - ASSET_MATERIALIZATION - Materialized value aqi_data.
[32m2025-02-18 00:01:27 +0700[0m - dagster - [34mDEBUG[0m - materialize_dbt_models - 9b962ad5-9c33-4ac6-8079-2eed91d467b7 - 120377 - dbt_dagster_project_dbt_assets - STEP_OUTPUT - Yielded output "weather_data" of type "Nothing". (Type check passed).
[32m2025-02-18 00:01:27 +0700[0m - dagster - [34mDEBUG[0m - materialize_dbt_models - 9b962ad5-9c33-4ac6-8079-2eed91d467b7 - 120377 - dbt_dagster_project_dbt_assets - ASSET_MATERIALIZATION - Materialized value weather_data.
[32m2025-02-18 00:01:27 +0700[0m - dagster - [34mDEBUG[0m - materialize_dbt_models - 9b962ad5-9c33-4ac6-8079-2eed91d467b7 - 120377 - dbt_dagster_project_dbt_assets - STEP_OUTPUT - Yielded output "aqi_daily_avg" of type "Nothing". (Type check passed).
[32m2025-02-18 00:01:27 +0700[0m - dagster - [34mDEBUG[0m - materialize_dbt_models - 9b962ad5-9c33-4ac6-8079-2eed91d467b7 - 120377 - dbt_dagster_project_dbt_assets - ASSET_MATERIALIZATION - Materialized value aqi_daily_avg.
[32m2025-02-18 00:01:27 +0700[0m - dagster - [34mDEBUG[0m - materialize_dbt_models - 9b962ad5-9c33-4ac6-8079-2eed91d467b7 - 120377 - dbt_dagster_project_dbt_assets - STEP_OUTPUT - Yielded output "bad_aqi_locations" of type "Nothing". (Type check passed).
[32m2025-02-18 00:01:27 +0700[0m - dagster - [34mDEBUG[0m - materialize_dbt_models - 9b962ad5-9c33-4ac6-8079-2eed91d467b7 - 120377 - dbt_dagster_project_dbt_assets - ASSET_MATERIALIZATION - Materialized value bad_aqi_locations.
[32m2025-02-18 00:01:27 +0700[0m - dagster - [34mDEBUG[0m - materialize_dbt_models - 9b962ad5-9c33-4ac6-8079-2eed91d467b7 - 120377 - dbt_dagster_project_dbt_assets - STEP_OUTPUT - Yielded output "weather_aqi_relation" of type "Nothing". (Type check passed).
[32m2025-02-18 00:01:27 +0700[0m - dagster - [34mDEBUG[0m - materialize_dbt_models - 9b962ad5-9c33-4ac6-8079-2eed91d467b7 - 120377 - dbt_dagster_project_dbt_assets - ASSET_MATERIALIZATION - Materialized value weather_aqi_relation.
[32m2025-02-18 00:01:27 +0700[0m - dagster - [34mDEBUG[0m - materialize_dbt_models - 9b962ad5-9c33-4ac6-8079-2eed91d467b7 - 120377 - dbt_dagster_project_dbt_assets - STEP_OUTPUT - Yielded output "weather_aqi_summary" of type "Nothing". (Type check passed).
[32m2025-02-18 00:01:27 +0700[0m - dagster - [34mDEBUG[0m - materialize_dbt_models - 9b962ad5-9c33-4ac6-8079-2eed91d467b7 - 120377 - dbt_dagster_project_dbt_assets - ASSET_MATERIALIZATION - Materialized value weather_aqi_summary.
[32m2025-02-18 00:01:28 +0700[0m - dagster - [34mINFO[0m - materialize_dbt_models - 9b962ad5-9c33-4ac6-8079-2eed91d467b7 - dbt_dagster_project_dbt_assets - Finished dbt command: `dbt build --select fqn:*`.
INFO:dagster.builtin:materialize_dbt_models - 9b962ad5-9c33-4ac6-8079-2eed91d467b7 - dbt_dagster_project_dbt_assets - Finished dbt command: `dbt build --select fqn:*`.
[32m2025-02-18 00:01:28 +0700[0m - dagster - [34mDEBUG[0m - materialize_dbt_models - 9b962ad5-9c33-4ac6-8079-2eed91d467b7 - 120377 - dbt_dagster_project_dbt_assets - STEP_SUCCESS - Finished execution of step "dbt_dagster_project_dbt_assets" in 5.95s.
